Using pre-set license
Built from '2020.3/staging' branch; Version is '2020.3.11f1 (99c7afb366b3) revision 10078127'; Using compiler version '192528614'; Build Type 'Release'
OS: 'Windows 10 Enterprise; OS build 19041.1110; Version 2004; 64bit' Language: 'en' Physical Memory: 32698 MB
BatchMode: 1, IsHumanControllingUs: 0, StartBugReporterOnCrash: 0, Is64bit: 1, IsPro: 0

 COMMAND LINE ARGUMENTS:
C:\Program Files\Unity\Hub\Editor\2020.3.11f1\Editor\Unity.exe
-adb2
-batchMode
-noUpm
-name
AssetImportWorker0
-projectPath
C:/Users/blau10/Desktop/WinterSnowfall/GDS210-WinterSnowfall/WinterSnowfall-GSD210
-logFile
Logs/AssetImportWorker0.log
-srvPort
61923
Successfully changed project path to: C:/Users/blau10/Desktop/WinterSnowfall/GDS210-WinterSnowfall/WinterSnowfall-GSD210
C:/Users/blau10/Desktop/WinterSnowfall/GDS210-WinterSnowfall/WinterSnowfall-GSD210
Using Asset Import Pipeline V2.
Refreshing native plugins compatible for Editor in 63.87 ms, found 3 plugins.
Preloading 0 native plugins for Editor in 0.00 ms.
Initialize engine version: 2020.3.11f1 (99c7afb366b3)
[Subsystems] Discovering subsystems at path C:/Program Files/Unity/Hub/Editor/2020.3.11f1/Editor/Data/Resources/UnitySubsystems
[Subsystems] Discovering subsystems at path C:/Users/blau10/Desktop/WinterSnowfall/GDS210-WinterSnowfall/WinterSnowfall-GSD210/Assets
GfxDevice: creating device client; threaded=0
Direct3D:
    Version:  Direct3D 11.0 [level 11.1]
    Renderer: NVIDIA GeForce GTX 1070 (ID=0x1b81)
    Vendor:   
    VRAM:     8088 MB
    Driver:   27.21.14.5671
Initialize mono
Mono path[0] = 'C:/Program Files/Unity/Hub/Editor/2020.3.11f1/Editor/Data/Managed'
Mono path[1] = 'C:/Program Files/Unity/Hub/Editor/2020.3.11f1/Editor/Data/MonoBleedingEdge/lib/mono/unityjit'
Mono config path = 'C:/Program Files/Unity/Hub/Editor/2020.3.11f1/Editor/Data/MonoBleedingEdge/etc'
Using monoOptions --debugger-agent=transport=dt_socket,embedding=1,server=y,suspend=n,address=127.0.0.1:56092
Begin MonoManager ReloadAssembly
Registering precompiled unity dll's ...
Register platform support module: C:/Program Files/Unity/Hub/Editor/2020.3.11f1/Editor/Data/PlaybackEngines/WindowsStandaloneSupport/UnityEditor.WindowsStandalone.Extensions.dll
Registered in 0.001897 seconds.
Native extension for WindowsStandalone target not found
Refreshing native plugins compatible for Editor in 44.78 ms, found 3 plugins.
Preloading 0 native plugins for Editor in 0.00 ms.
Mono: successfully reloaded assembly
- Completed reload, in  2.313 seconds
Platform modules already initialized, skipping
Registering precompiled user dll's ...
Registered in 0.007604 seconds.
Begin MonoManager ReloadAssembly
Native extension for WindowsStandalone target not found
Refreshing native plugins compatible for Editor in 43.68 ms, found 3 plugins.
Preloading 0 native plugins for Editor in 0.00 ms.
Mono: successfully reloaded assembly
- Completed reload, in  1.131 seconds
Platform modules already initialized, skipping
========================================================================
Worker process is ready to serve import requests
Launched and connected shader compiler UnityShaderCompiler.exe after 0.06 seconds
Refreshing native plugins compatible for Editor in 0.75 ms, found 3 plugins.
Preloading 0 native plugins for Editor in 0.00 ms.
Unloading 2220 Unused Serialized files (Serialized files now loaded: 0)
System memory in use before: 102.2 MB.
System memory in use after: 102.3 MB.

Unloading 28 unused Assets to reduce memory usage. Loaded Objects now: 2660.
Total: 2.277400 ms (FindLiveObjects: 0.183500 ms CreateObjectMapping: 0.074300 ms MarkObjects: 1.950900 ms  DeleteObjects: 0.067400 ms)

========================================================================
Received Import Request.
  path: Assets/PostProcessDefault.asset
  artifactKey: Guid(a90c13141b77a2240a0d3b8bc1700e15) Importer(815301076,1909f56bfc062723c751e8b465ee728b)
Start importing Assets/PostProcessDefault.asset using Guid(a90c13141b77a2240a0d3b8bc1700e15) Importer(815301076,1909f56bfc062723c751e8b465ee728b)  -> (artifact id: '428d90cdd563713ac820b35522453d23') in 0.059814 seconds
  Import took 0.064488 seconds .

========================================================================
Received Import Request.
  Time since last request: 3.153478 seconds.
  path: Assets/Scenes/BillScene.unity
  artifactKey: Guid(2cda990e2423bbf4892e6590ba056729) Importer(815301076,1909f56bfc062723c751e8b465ee728b)
Start importing Assets/Scenes/BillScene.unity using Guid(2cda990e2423bbf4892e6590ba056729) Importer(815301076,1909f56bfc062723c751e8b465ee728b)  -> (artifact id: 'f463a879ff4ee0c674030f1f6b383e03') in 0.003898 seconds
  Import took 0.007638 seconds .

========================================================================
Received Import Request.
  Time since last request: 0.009154 seconds.
  path: Assets/Scenes/BillScene.unity
  artifactKey: Guid(2cda990e2423bbf4892e6590ba056729) Importer(815301076,1909f56bfc062723c751e8b465ee728b)
Start importing Assets/Scenes/BillScene.unity using Guid(2cda990e2423bbf4892e6590ba056729) Importer(815301076,1909f56bfc062723c751e8b465ee728b)  -> (artifact id: 'f463a879ff4ee0c674030f1f6b383e03') in 0.002987 seconds
  Import took 0.006195 seconds .

========================================================================
Received Prepare
Registering precompiled user dll's ...
Registered in 0.007279 seconds.
Begin MonoManager ReloadAssembly
Native extension for WindowsStandalone target not found
Refreshing native plugins compatible for Editor in 0.45 ms, found 3 plugins.
Preloading 0 native plugins for Editor in 0.00 ms.
Mono: successfully reloaded assembly
- Completed reload, in  1.064 seconds
Platform modules already initialized, skipping
Switching build target platform(19) subTarget(0) extendedPlatform(0) -> platform(13) subTarget(537395200) extendedPlatform(0)
Refreshing native plugins compatible for Editor in 0.82 ms, found 3 plugins.
Preloading 0 native plugins for Editor in 0.00 ms.
Unloading 2187 Unused Serialized files (Serialized files now loaded: 0)
System memory in use before: 98.4 MB.
System memory in use after: 98.5 MB.

Unloading 16 unused Assets to reduce memory usage. Loaded Objects now: 2664.
Total: 5.114900 ms (FindLiveObjects: 0.384100 ms CreateObjectMapping: 0.280800 ms MarkObjects: 4.421900 ms  DeleteObjects: 0.026300 ms)

AssetImportParameters requested are different than current active one (requested -> active):
  custom:graphics/normal-map-encoding: 01000000000000000000000000000000 -> 02000000000000000000000000000000
========================================================================
Received Prepare
Refreshing native plugins compatible for Editor in 8.77 ms, found 3 plugins.
Preloading 0 native plugins for Editor in 0.00 ms.
Unloading 14 Unused Serialized files (Serialized files now loaded: 0)
System memory in use before: 54.8 MB.
System memory in use after: 55.0 MB.

Unloading 14 unused Assets to reduce memory usage. Loaded Objects now: 2664.
Total: 6.183400 ms (FindLiveObjects: 0.667000 ms CreateObjectMapping: 0.453300 ms MarkObjects: 4.987500 ms  DeleteObjects: 0.074100 ms)

========================================================================
Received Import Request.
  Time since last request: 771.959106 seconds.
  path: Assets/BillFolder/Sprites/Dust Particle.mat
  artifactKey: Guid(345f4c792d722f149a1ce4ab5e16da55) Importer(815301076,1909f56bfc062723c751e8b465ee728b)
Start importing Assets/BillFolder/Sprites/Dust Particle.mat using Guid(345f4c792d722f149a1ce4ab5e16da55) Importer(815301076,1909f56bfc062723c751e8b465ee728b)  -> (artifact id: 'ea8603dc71f08b0a99841a601911c29a') in 0.110012 seconds
  Import took 0.114384 seconds .

AssetImportWorkerClient::OnTransportError - code=2 error=End of file
